<?xml version="1.0" encoding="UTF-8"?>
<!-- Generated by org.testng.reporters.JUnitReportReporter -->
<testsuite skipped="0" hostname="DESKTOP-T7J28UG" name="FirstTestCase" tests="3" failures="0" timestamp="26 Oct 2018 17:30:11 GMT" time="54.817" errors="0">
  <testcase name="TestFacebook" time="33.674" classname="FirstTestCase"/>
  <testcase name="TestGoogle" time="3.715" classname="FirstTestCase"/>
  <testcase name="TestNPN" time="17.428" classname="FirstTestCase"/>
</testsuite> <!-- FirstTestCase -->
